<?xml version="1.0" encoding="UTF-8"?>
<!-- Generated by org.testng.reporters.JUnitXMLReporter -->
<testsuite ignored="0" hostname="BOOK-SJUNL9UC11" failures="0" tests="3" name="Default test" time="15.339" errors="0" timestamp="2026-02-28T19:30:11 IST">
  <testcase classname="com.CRM.TestCases.HomePageTestCases" name="verifyUrl" time="0.069"/>
  <testcase classname="com.CRM.TestCases.HomePageTestCases" name="verifyTitle" time="0.041"/>
  <testcase classname="com.CRM.TestCases.HomePageTestCases" name="validateSignin" time="1.207"/>
</testsuite> <!-- Default test -->
