<?xml version="1.0" encoding="UTF-8"?>
<!-- Generated by org.testng.reporters.JUnitXMLReporter -->
<testsuite ignored="0" hostname="BOOK-SJUNL9UC11" failures="0" tests="3" name="HomePage" time="13.411" errors="0" timestamp="2026-02-24T22:46:49 IST">
  <testcase classname="com.CRM.TestCases.HomePageTestCases" name="verifyUrl" time="0.047"/>
  <testcase classname="com.CRM.TestCases.HomePageTestCases" name="verifyTitle" time="0.016"/>
  <testcase classname="com.CRM.TestCases.HomePageTestCases" name="validateSignin" time="1.355"/>
</testsuite> <!-- HomePage -->
