<?xml version="1.0" encoding="UTF-8"?>
<!-- Generated by org.testng.reporters.JUnitXMLReporter -->
<testsuite ignored="0" hostname="BOOK-SJUNL9UC11" failures="0" tests="3" name="Test" time="17.413" errors="0" timestamp="2026-02-24T21:22:03 IST">
  <testcase classname="com.CRM.TestCases.HomePageTestCases" name="verifyUrl" time="0.05"/>
  <testcase classname="com.CRM.TestCases.HomePageTestCases" name="verifyTitle" time="0.027"/>
  <testcase classname="com.CRM.TestCases.HomePageTestCases" name="validateSignin" time="0.978"/>
</testsuite> <!-- Test -->
