<?xml version="1.0" encoding="UTF-8"?>
<!-- Generated by org.testng.reporters.JUnitXMLReporter -->
<testsuite ignored="0" hostname="BOOK-SJUNL9UC11" failures="0" tests="3" name="HomePage" time="15.123" errors="0" timestamp="2026-03-02T00:29:55 IST">
  <testcase classname="com.CRM.TestCases.HomePageTestCases" name="verifyUrl" time="1.248"/>
  <testcase classname="com.CRM.TestCases.HomePageTestCases" name="verifyTitle" time="0.028"/>
  <testcase classname="com.CRM.TestCases.HomePageTestCases" name="validateSignin" time="1.327"/>
</testsuite> <!-- HomePage -->
