<?xml version="1.0" encoding="UTF-8"?>
<testng-results ignored="0" total="4" passed="4" failed="0" skipped="0">
  <reporter-output>
  </reporter-output>
  <suite started-at="2026-02-24T23:07:15 IST" name="Suite" finished-at="2026-02-24T23:07:33 IST" duration-ms="18011">
    <groups>
    </groups>
    <test started-at="2026-02-24T23:07:15 IST" name="HomePage" finished-at="2026-02-24T23:07:25 IST" duration-ms="10168">
      <class name="com.CRM.TestCases.HomePageTestCases">
        <test-method is-config="true" signature="setup()[pri:0, instance:com.CRM.TestCases.HomePageTestCases@441772e]" started-at="2026-02-24T23:07:15 IST" name="setup" finished-at="2026-02-24T23:07:23 IST" duration-ms="7959" status="PASS">
          <reporter-output>
          </reporter-output>
        </test-method> <!-- setup -->
        <test-method signature="verifyUrl()[pri:1, instance:com.CRM.TestCases.HomePageTestCases@441772e]" started-at="2026-02-24T23:07:23 IST" name="verifyUrl" finished-at="2026-02-24T23:07:23 IST" duration-ms="27" status="PASS">
          <reporter-output>
          </reporter-output>
        </test-method> <!-- verifyUrl -->
        <test-method signature="verifyTitle()[pri:2, instance:com.CRM.TestCases.HomePageTestCases@441772e]" started-at="2026-02-24T23:07:23 IST" name="verifyTitle" finished-at="2026-02-24T23:07:23 IST" duration-ms="17" status="PASS">
          <reporter-output>
          </reporter-output>
        </test-method> <!-- verifyTitle -->
        <test-method signature="validateSignin()[pri:3, instance:com.CRM.TestCases.HomePageTestCases@441772e]" started-at="2026-02-24T23:07:23 IST" name="validateSignin" finished-at="2026-02-24T23:07:25 IST" duration-ms="2055" status="PASS">
          <reporter-output>
          </reporter-output>
        </test-method> <!-- validateSignin -->
      </class> <!-- com.CRM.TestCases.HomePageTestCases -->
    </test> <!-- HomePage -->
    <test started-at="2026-02-24T23:07:25 IST" name="LoginPage" finished-at="2026-02-24T23:07:33 IST" duration-ms="7700">
      <class name="com.CRM.TestCases.LoginPageTestCases">
        <test-method is-config="true" signature="setup()[pri:0, instance:com.CRM.TestCases.LoginPageTestCases@35cabb2a]" started-at="2026-02-24T23:07:25 IST" name="setup" finished-at="2026-02-24T23:07:30 IST" duration-ms="4921" status="PASS">
          <reporter-output>
          </reporter-output>
        </test-method> <!-- setup -->
        <test-method is-config="true" signature="pagesetup()[pri:0, instance:com.CRM.TestCases.LoginPageTestCases@35cabb2a]" started-at="2026-02-24T23:07:30 IST" name="pagesetup" finished-at="2026-02-24T23:07:31 IST" duration-ms="955" status="PASS">
          <reporter-output>
          </reporter-output>
        </test-method> <!-- pagesetup -->
        <test-method signature="verifySuccessfulLogin()[pri:1, instance:com.CRM.TestCases.LoginPageTestCases@35cabb2a]" started-at="2026-02-24T23:07:31 IST" name="verifySuccessfulLogin" finished-at="2026-02-24T23:07:33 IST" duration-ms="1821" status="PASS">
          <reporter-output>
          </reporter-output>
        </test-method> <!-- verifySuccessfulLogin -->
        <test-method is-config="true" signature="tearDown()[pri:0, instance:com.CRM.TestCases.LoginPageTestCases@35cabb2a]" started-at="2026-02-24T23:07:33 IST" name="tearDown" finished-at="2026-02-24T23:07:33 IST" duration-ms="159" status="PASS">
          <reporter-output>
          </reporter-output>
        </test-method> <!-- tearDown -->
      </class> <!-- com.CRM.TestCases.LoginPageTestCases -->
    </test> <!-- LoginPage -->
  </suite> <!-- Suite -->
</testng-results>
