<?xml version="1.0" encoding="UTF-8"?>
<testng-results ignored="0" total="4" passed="4" failed="0" skipped="0">
  <reporter-output>
  </reporter-output>
  <suite started-at="2026-03-02T00:29:40 IST" name="Suite" finished-at="2026-03-02T00:30:10 IST" duration-ms="30585">
    <groups>
    </groups>
    <test started-at="2026-03-02T00:29:40 IST" name="HomePage" finished-at="2026-03-02T00:29:55 IST" duration-ms="15123">
      <class name="com.CRM.TestCases.HomePageTestCases">
        <test-method is-config="true" signature="setup()[pri:0, instance:com.CRM.TestCases.HomePageTestCases@7334aada]" started-at="2026-03-02T00:29:40 IST" name="setup" finished-at="2026-03-02T00:29:52 IST" duration-ms="12367" status="PASS">
          <reporter-output>
          </reporter-output>
        </test-method> <!-- setup -->
        <test-method signature="verifyUrl()[pri:1, instance:com.CRM.TestCases.HomePageTestCases@7334aada]" started-at="2026-03-02T00:29:52 IST" name="verifyUrl" finished-at="2026-03-02T00:29:53 IST" duration-ms="1248" status="PASS">
          <reporter-output>
          </reporter-output>
        </test-method> <!-- verifyUrl -->
        <test-method signature="verifyTitle()[pri:2, instance:com.CRM.TestCases.HomePageTestCases@7334aada]" started-at="2026-03-02T00:29:53 IST" name="verifyTitle" finished-at="2026-03-02T00:29:53 IST" duration-ms="28" status="PASS">
          <reporter-output>
          </reporter-output>
        </test-method> <!-- verifyTitle -->
        <test-method signature="validateSignin()[pri:3, instance:com.CRM.TestCases.HomePageTestCases@7334aada]" started-at="2026-03-02T00:29:53 IST" name="validateSignin" finished-at="2026-03-02T00:29:55 IST" duration-ms="1327" status="PASS">
          <reporter-output>
          </reporter-output>
        </test-method> <!-- validateSignin -->
      </class> <!-- com.CRM.TestCases.HomePageTestCases -->
    </test> <!-- HomePage -->
    <test started-at="2026-03-02T00:29:55 IST" name="LoginPage" finished-at="2026-03-02T00:30:10 IST" duration-ms="15234">
      <class name="com.CRM.TestCases.LoginPageTestCases">
        <test-method is-config="true" signature="setup()[pri:0, instance:com.CRM.TestCases.LoginPageTestCases@7e07db1f]" started-at="2026-03-02T00:29:55 IST" name="setup" finished-at="2026-03-02T00:30:00 IST" duration-ms="5314" status="PASS">
          <reporter-output>
          </reporter-output>
        </test-method> <!-- setup -->
        <test-method is-config="true" signature="pagesetup()[pri:0, instance:com.CRM.TestCases.LoginPageTestCases@7e07db1f]" started-at="2026-03-02T00:30:00 IST" name="pagesetup" finished-at="2026-03-02T00:30:03 IST" duration-ms="2729" status="PASS">
          <reporter-output>
          </reporter-output>
        </test-method> <!-- pagesetup -->
        <test-method signature="verifySuccessfulLogin()[pri:1, instance:com.CRM.TestCases.LoginPageTestCases@7e07db1f]" started-at="2026-03-02T00:30:03 IST" name="verifySuccessfulLogin" finished-at="2026-03-02T00:30:10 IST" duration-ms="7030" status="PASS">
          <reporter-output>
          </reporter-output>
        </test-method> <!-- verifySuccessfulLogin -->
        <test-method is-config="true" signature="tearDown()[pri:0, instance:com.CRM.TestCases.LoginPageTestCases@7e07db1f]" started-at="2026-03-02T00:30:10 IST" name="tearDown" finished-at="2026-03-02T00:30:11 IST" duration-ms="675" status="PASS">
          <reporter-output>
          </reporter-output>
        </test-method> <!-- tearDown -->
      </class> <!-- com.CRM.TestCases.LoginPageTestCases -->
    </test> <!-- LoginPage -->
  </suite> <!-- Suite -->
</testng-results>
