<?xml version="1.0" encoding="UTF-8"?>
<testng-results ignored="0" total="4" passed="4" failed="0" skipped="0">
  <reporter-output>
  </reporter-output>
  <suite started-at="2026-02-24T22:46:35 IST" name="Suite" finished-at="2026-02-24T22:46:56 IST" duration-ms="21197">
    <groups>
    </groups>
    <test started-at="2026-02-24T22:46:35 IST" name="HomePage" finished-at="2026-02-24T22:46:49 IST" duration-ms="13411">
      <class name="com.CRM.TestCases.HomePageTestCases">
        <test-method is-config="true" signature="setup()[pri:0, instance:com.CRM.TestCases.HomePageTestCases@2d1ef81a]" started-at="2026-02-24T22:46:35 IST" name="setup" finished-at="2026-02-24T22:46:47 IST" duration-ms="11866" status="PASS">
          <reporter-output>
          </reporter-output>
        </test-method> <!-- setup -->
        <test-method signature="verifyUrl()[pri:1, instance:com.CRM.TestCases.HomePageTestCases@2d1ef81a]" started-at="2026-02-24T22:46:47 IST" name="verifyUrl" finished-at="2026-02-24T22:46:47 IST" duration-ms="47" status="PASS">
          <reporter-output>
          </reporter-output>
        </test-method> <!-- verifyUrl -->
        <test-method signature="verifyTitle()[pri:2, instance:com.CRM.TestCases.HomePageTestCases@2d1ef81a]" started-at="2026-02-24T22:46:47 IST" name="verifyTitle" finished-at="2026-02-24T22:46:47 IST" duration-ms="16" status="PASS">
          <reporter-output>
          </reporter-output>
        </test-method> <!-- verifyTitle -->
        <test-method signature="validateSignin()[pri:3, instance:com.CRM.TestCases.HomePageTestCases@2d1ef81a]" started-at="2026-02-24T22:46:47 IST" name="validateSignin" finished-at="2026-02-24T22:46:48 IST" duration-ms="1355" status="PASS">
          <reporter-output>
          </reporter-output>
        </test-method> <!-- validateSignin -->
      </class> <!-- com.CRM.TestCases.HomePageTestCases -->
    </test> <!-- HomePage -->
    <test started-at="2026-02-24T22:46:49 IST" name="LoginPage" finished-at="2026-02-24T22:46:56 IST" duration-ms="7626">
      <class name="com.CRM.TestCases.LoginPageTestCases">
        <test-method is-config="true" signature="setup()[pri:0, instance:com.CRM.TestCases.LoginPageTestCases@510f3d34]" started-at="2026-02-24T22:46:49 IST" name="setup" finished-at="2026-02-24T22:46:53 IST" duration-ms="4468" status="PASS">
          <reporter-output>
          </reporter-output>
        </test-method> <!-- setup -->
        <test-method is-config="true" signature="pagesetup()[pri:0, instance:com.CRM.TestCases.LoginPageTestCases@510f3d34]" started-at="2026-02-24T22:46:53 IST" name="pagesetup" finished-at="2026-02-24T22:46:54 IST" duration-ms="1139" status="PASS">
          <reporter-output>
          </reporter-output>
        </test-method> <!-- pagesetup -->
        <test-method signature="verifySuccessfulLogin()[pri:1, instance:com.CRM.TestCases.LoginPageTestCases@510f3d34]" started-at="2026-02-24T22:46:54 IST" name="verifySuccessfulLogin" finished-at="2026-02-24T22:46:56 IST" duration-ms="2011" status="PASS">
          <reporter-output>
          </reporter-output>
        </test-method> <!-- verifySuccessfulLogin -->
        <test-method is-config="true" signature="tearDown()[pri:0, instance:com.CRM.TestCases.LoginPageTestCases@510f3d34]" started-at="2026-02-24T22:46:56 IST" name="tearDown" finished-at="2026-02-24T22:46:57 IST" duration-ms="198" status="PASS">
          <reporter-output>
          </reporter-output>
        </test-method> <!-- tearDown -->
      </class> <!-- com.CRM.TestCases.LoginPageTestCases -->
    </test> <!-- LoginPage -->
  </suite> <!-- Suite -->
</testng-results>
