<?xml version="1.0" encoding="UTF-8"?>
<testng-results ignored="0" total="3" passed="3" failed="0" skipped="0">
  <reporter-output>
  </reporter-output>
  <suite started-at="2026-02-28T19:29:56 IST" name="Default suite" finished-at="2026-02-28T19:30:11 IST" duration-ms="15339">
    <groups>
    </groups>
    <test started-at="2026-02-28T19:29:56 IST" name="Default test" finished-at="2026-02-28T19:30:11 IST" duration-ms="15339">
      <class name="com.CRM.TestCases.HomePageTestCases">
        <test-method is-config="true" signature="setup()[pri:0, instance:com.CRM.TestCases.HomePageTestCases@4a8355dd]" started-at="2026-02-28T19:29:56 IST" name="setup" finished-at="2026-02-28T19:30:10 IST" duration-ms="13914" status="PASS">
          <reporter-output>
          </reporter-output>
        </test-method> <!-- setup -->
        <test-method signature="verifyUrl()[pri:1, instance:com.CRM.TestCases.HomePageTestCases@4a8355dd]" started-at="2026-02-28T19:30:10 IST" name="verifyUrl" finished-at="2026-02-28T19:30:10 IST" duration-ms="69" status="PASS">
          <reporter-output>
          </reporter-output>
        </test-method> <!-- verifyUrl -->
        <test-method signature="verifyTitle()[pri:2, instance:com.CRM.TestCases.HomePageTestCases@4a8355dd]" started-at="2026-02-28T19:30:10 IST" name="verifyTitle" finished-at="2026-02-28T19:30:10 IST" duration-ms="41" status="PASS">
          <reporter-output>
          </reporter-output>
        </test-method> <!-- verifyTitle -->
        <test-method signature="validateSignin()[pri:3, instance:com.CRM.TestCases.HomePageTestCases@4a8355dd]" started-at="2026-02-28T19:30:10 IST" name="validateSignin" finished-at="2026-02-28T19:30:11 IST" duration-ms="1207" status="PASS">
          <reporter-output>
          </reporter-output>
        </test-method> <!-- validateSignin -->
        <test-method is-config="true" signature="tearDown()[pri:0, instance:com.CRM.TestCases.HomePageTestCases@4a8355dd]" started-at="2026-02-28T19:30:11 IST" name="tearDown" finished-at="2026-02-28T19:30:12 IST" duration-ms="230" status="PASS">
          <reporter-output>
          </reporter-output>
        </test-method> <!-- tearDown -->
      </class> <!-- com.CRM.TestCases.HomePageTestCases -->
    </test> <!-- Default test -->
  </suite> <!-- Default suite -->
</testng-results>
