<?xml version="1.0" encoding="UTF-8"?>
<!-- Generated by org.testng.reporters.JUnitReportReporter -->
<testsuite hostname="BOOK-SJUNL9UC11" failures="0" tests="3" name="com.CRM.TestCases.HomePageTestCases" time="1.317" errors="0" timestamp="2026-02-28T19:30:12 IST" skipped="0">
  <testcase classname="com.CRM.TestCases.HomePageTestCases" name="verifyUrl" time="0.069"/>
  <testcase classname="com.CRM.TestCases.HomePageTestCases" name="verifyTitle" time="0.041"/>
  <testcase classname="com.CRM.TestCases.HomePageTestCases" name="validateSignin" time="1.207"/>
</testsuite> <!-- com.CRM.TestCases.HomePageTestCases -->
