<?xml version="1.0" encoding="UTF-8"?>
<!-- Generated by org.testng.reporters.JUnitReportReporter -->
<testsuite hostname="BOOK-SJUNL9UC11" failures="0" tests="3" name="com.CRM.TestCases.HomePageTestCases" time="2.099" errors="0" timestamp="2026-02-24T23:07:33 IST" skipped="0">
  <testcase classname="com.CRM.TestCases.HomePageTestCases" name="verifyUrl" time="0.027"/>
  <testcase classname="com.CRM.TestCases.HomePageTestCases" name="verifyTitle" time="0.017"/>
  <testcase classname="com.CRM.TestCases.HomePageTestCases" name="validateSignin" time="2.055"/>
</testsuite> <!-- com.CRM.TestCases.HomePageTestCases -->
